{"contracts/ClaimRegistry.sol":{"l":{"45":3,"46":3,"49":3,"50":3,"54":2,"55":2,"56":2,"57":2,"58":2,"59":2,"60":2,"61":2,"62":2,"63":2,"65":2,"67":2,"71":0,"72":0,"73":0,"74":0,"75":0,"77":0,"82":0,"83":0,"84":0,"85":0,"86":0,"87":0,"88":0,"89":0,"94":0,"95":0,"96":0,"102":0,"106":0,"111":0},"path":"/home/abhinav/dics-decentralized-insurance/dics-decentralized-insurance/smart-contracts/contracts/ClaimRegistry.sol","s":{"1":3,"2":3,"3":2,"4":2,"5":2,"6":2,"7":2,"8":0,"9":0,"10":0,"11":0,"12":0,"13":0,"14":0,"15":0,"16":0,"17":0,"18":0,"19":0,"20":0},"b":{"1":[0,1],"2":[0,0],"3":[0,0],"4":[0,0],"5":[0,0],"6":[0,0],"7":[0,0],"8":[0,0],"9":[0,0],"10":[0,0],"11":[0,0]},"f":{"1":3,"2":2,"3":0,"4":0,"5":0,"6":0,"7":0,"8":0},"fnMap":{"1":{"name":"constructor","line":44,"loc":{"start":{"line":44,"column":4},"end":{"line":51,"column":4}}},"2":{"name":"submitClaim","line":53,"loc":{"start":{"line":53,"column":4},"end":{"line":68,"column":4}}},"3":{"name":"setClaimStatus","line":70,"loc":{"start":{"line":70,"column":4},"end":{"line":78,"column":4}}},"4":{"name":"payoutClaim","line":81,"loc":{"start":{"line":81,"column":4},"end":{"line":90,"column":4}}},"5":{"name":"requestOracleVerification","line":93,"loc":{"start":{"line":93,"column":4},"end":{"line":98,"column":4}}},"6":{"name":"setOracle","line":101,"loc":{"start":{"line":101,"column":4},"end":{"line":103,"column":4}}},"7":{"name":"setPayoutToken","line":105,"loc":{"start":{"line":105,"column":4},"end":{"line":107,"column":4}}},"8":{"name":"getClaimsForPolicy","line":110,"loc":{"start":{"line":110,"column":4},"end":{"line":112,"column":4}}}},"statementMap":{"1":{"start":{"line":45,"column":8},"end":{"line":45,"column":44}},"2":{"start":{"line":46,"column":8},"end":{"line":46,"column":36}},"3":{"start":{"line":54,"column":8},"end":{"line":54,"column":34}},"4":{"start":{"line":55,"column":8},"end":{"line":55,"column":36}},"5":{"start":{"line":63,"column":8},"end":{"line":63,"column":38}},"6":{"start":{"line":65,"column":8},"end":{"line":65,"column":90}},"7":{"start":{"line":67,"column":8},"end":{"line":67,"column":17}},"8":{"start":{"line":71,"column":8},"end":{"line":71,"column":41}},"9":{"start":{"line":72,"column":8},"end":{"line":72,"column":49}},"10":{"start":{"line":74,"column":8},"end":{"line":74,"column":2788}},"11":{"start":{"line":77,"column":8},"end":{"line":77,"column":48}},"12":{"start":{"line":82,"column":8},"end":{"line":82,"column":41}},"13":{"start":{"line":83,"column":8},"end":{"line":83,"column":49}},"14":{"start":{"line":84,"column":8},"end":{"line":84,"column":70}},"15":{"start":{"line":87,"column":8},"end":{"line":87,"column":42}},"16":{"start":{"line":88,"column":8},"end":{"line":88,"column":69}},"17":{"start":{"line":89,"column":8},"end":{"line":89,"column":68}},"18":{"start":{"line":94,"column":8},"end":{"line":94,"column":85}},"19":{"start":{"line":96,"column":8},"end":{"line":96,"column":40}},"20":{"start":{"line":111,"column":8},"end":{"line":111,"column":37}}},"branchMap":{"1":{"line":70,"type":"if","locations":[{"start":{"line":70,"column":74},"end":{"line":70,"column":74}},{"start":{"line":70,"column":74},"end":{"line":70,"column":74}}]},"2":{"line":72,"type":"if","locations":[{"start":{"line":72,"column":8},"end":{"line":72,"column":8}},{"start":{"line":72,"column":8},"end":{"line":72,"column":8}}]},"3":{"line":74,"type":"if","locations":[{"start":{"line":74,"column":8},"end":{"line":74,"column":8}},{"start":{"line":74,"column":8},"end":{"line":74,"column":8}}]},"4":{"line":74,"type":"cond-expr","locations":[{"start":{"line":74,"column":12},"end":{"line":74,"column":41}},{"start":{"line":74,"column":46},"end":{"line":74,"column":75}}]},"5":{"line":81,"type":"if","locations":[{"start":{"line":81,"column":51},"end":{"line":81,"column":51}},{"start":{"line":81,"column":51},"end":{"line":81,"column":51}}]},"6":{"line":83,"type":"if","locations":[{"start":{"line":83,"column":8},"end":{"line":83,"column":8}},{"start":{"line":83,"column":8},"end":{"line":83,"column":8}}]},"7":{"line":84,"type":"if","locations":[{"start":{"line":84,"column":8},"end":{"line":84,"column":8}},{"start":{"line":84,"column":8},"end":{"line":84,"column":8}}]},"8":{"line":88,"type":"if","locations":[{"start":{"line":88,"column":8},"end":{"line":88,"column":8}},{"start":{"line":88,"column":8},"end":{"line":88,"column":8}}]},"9":{"line":93,"type":"if","locations":[{"start":{"line":93,"column":91},"end":{"line":93,"column":91}},{"start":{"line":93,"column":91},"end":{"line":93,"column":91}}]},"10":{"line":101,"type":"if","locations":[{"start":{"line":101,"column":55},"end":{"line":101,"column":55}},{"start":{"line":101,"column":55},"end":{"line":101,"column":55}}]},"11":{"line":105,"type":"if","locations":[{"start":{"line":105,"column":59},"end":{"line":105,"column":59}},{"start":{"line":105,"column":59},"end":{"line":105,"column":59}}]}}},"contracts/DummyToken.sol":{"l":{"8":3,"12":0},"path":"/home/abhinav/dics-decentralized-insurance/dics-decentralized-insurance/smart-contracts/contracts/DummyToken.sol","s":{"1":3,"2":0},"b":{},"f":{"1":3,"2":0},"fnMap":{"1":{"name":"constructor","line":7,"loc":{"start":{"line":7,"column":4},"end":{"line":9,"column":4}}},"2":{"name":"mint","line":11,"loc":{"start":{"line":11,"column":4},"end":{"line":13,"column":4}}}},"statementMap":{"1":{"start":{"line":8,"column":8},"end":{"line":8,"column":56}},"2":{"start":{"line":12,"column":8},"end":{"line":12,"column":24}}},"branchMap":{}},"contracts/InsurancePolicy.sol":{"l":{"25":5,"26":5,"36":6,"37":5,"38":5,"39":5,"40":5,"44":1,"45":1,"49":0,"50":0,"51":0},"path":"/home/abhinav/dics-decentralized-insurance/dics-decentralized-insurance/smart-contracts/contracts/InsurancePolicy.sol","s":{"1":5,"2":5,"3":6,"4":5,"5":5,"6":1,"7":1,"8":0,"9":0,"10":0,"11":0},"b":{"1":[6,0],"2":[5,1],"3":[5,0],"4":[1,0],"5":[0,0]},"f":{"1":5,"2":6,"3":1,"4":0},"fnMap":{"1":{"name":"constructor","line":22,"loc":{"start":{"line":22,"column":4},"end":{"line":27,"column":4}}},"2":{"name":"registerPolicy","line":35,"loc":{"start":{"line":29,"column":4},"end":{"line":41,"column":4}}},"3":{"name":"getPolicy","line":43,"loc":{"start":{"line":43,"column":4},"end":{"line":46,"column":4}}},"4":{"name":"isPolicyActive","line":48,"loc":{"start":{"line":48,"column":4},"end":{"line":52,"column":4}}}},"statementMap":{"1":{"start":{"line":25,"column":8},"end":{"line":25,"column":44}},"2":{"start":{"line":26,"column":8},"end":{"line":26,"column":36}},"3":{"start":{"line":36,"column":8},"end":{"line":36,"column":58}},"4":{"start":{"line":37,"column":8},"end":{"line":37,"column":54}},"5":{"start":{"line":40,"column":8},"end":{"line":40,"column":76}},"6":{"start":{"line":44,"column":8},"end":{"line":44,"column":52}},"7":{"start":{"line":45,"column":8},"end":{"line":45,"column":33}},"8":{"start":{"line":49,"column":8},"end":{"line":49,"column":43}},"9":{"start":{"line":49,"column":31},"end":{"line":49,"column":43}},"10":{"start":{"line":50,"column":8},"end":{"line":50,"column":44}},"11":{"start":{"line":51,"column":8},"end":{"line":51,"column":64}}},"branchMap":{"1":{"line":35,"type":"if","locations":[{"start":{"line":35,"column":15},"end":{"line":35,"column":15}},{"start":{"line":35,"column":15},"end":{"line":35,"column":15}}]},"2":{"line":36,"type":"if","locations":[{"start":{"line":36,"column":8},"end":{"line":36,"column":8}},{"start":{"line":36,"column":8},"end":{"line":36,"column":8}}]},"3":{"line":37,"type":"if","locations":[{"start":{"line":37,"column":8},"end":{"line":37,"column":8}},{"start":{"line":37,"column":8},"end":{"line":37,"column":8}}]},"4":{"line":44,"type":"if","locations":[{"start":{"line":44,"column":8},"end":{"line":44,"column":8}},{"start":{"line":44,"column":8},"end":{"line":44,"column":8}}]},"5":{"line":49,"type":"if","locations":[{"start":{"line":49,"column":8},"end":{"line":49,"column":8}},{"start":{"line":49,"column":8},"end":{"line":49,"column":8}}]}}},"contracts/MockOracle.sol":{"l":{"8":1},"path":"/home/abhinav/dics-decentralized-insurance/dics-decentralized-insurance/smart-contracts/contracts/MockOracle.sol","s":{"1":1},"b":{},"f":{"1":1},"fnMap":{"1":{"name":"requestData","line":7,"loc":{"start":{"line":7,"column":4},"end":{"line":9,"column":4}}}},"statementMap":{"1":{"start":{"line":8,"column":8},"end":{"line":8,"column":49}}},"branchMap":{}},"contracts/OracleInterface.sol":{"l":{},"path":"/home/abhinav/dics-decentralized-insurance/dics-decentralized-insurance/smart-contracts/contracts/OracleInterface.sol","s":{},"b":{},"f":{},"fnMap":{},"statementMap":{},"branchMap":{}}}